[debug] [2022-08-17T10:42:41.410Z] ----------------------------------------------------------------------
[debug] [2022-08-17T10:42:41.413Z] Command:       C:\Program Files\nodejs\node.exe C:\Users\nhanb\AppData\Roaming\npm\node_modules\firebase-tools\lib\bin\firebase.js deploy
[debug] [2022-08-17T10:42:41.413Z] CLI Version:   11.7.0
[debug] [2022-08-17T10:42:41.413Z] Platform:      win32
[debug] [2022-08-17T10:42:41.413Z] Node Version:  v16.13.1
[debug] [2022-08-17T10:42:41.418Z] Time:          Wed Aug 17 2022 17:42:41 GMT+0700 (Giờ Đông Dương)
[debug] [2022-08-17T10:42:41.419Z] ----------------------------------------------------------------------
[debug] 
[debug] [2022-08-17T10:42:41.422Z] >>> [apiv2][query] GET https://firebase-public.firebaseio.com/cli.json [none]
[debug] [2022-08-17T10:42:41.512Z] > command requires scopes: ["email","openid","https://www.googleapis.com/auth/cloudplatformprojects.readonly","https://www.googleapis.com/auth/firebase","https://www.googleapis.com/auth/cloud-platform"]
[debug] [2022-08-17T10:42:41.512Z] > authorizing via signed-in user (dungnt@unicloud.com.vn)
[debug] [2022-08-17T10:42:41.513Z] [iam] checking project demohq-70d47 for permissions ["firebase.projects.get","firebasehosting.sites.update"]
[debug] [2022-08-17T10:42:41.514Z] > refreshing access token with scopes: []
[debug] [2022-08-17T10:42:41.515Z] >>> [apiv2][query] POST https://www.googleapis.com/oauth2/v3/token [none]
[debug] [2022-08-17T10:42:41.515Z] >>> [apiv2][body] POST https://www.googleapis.com/oauth2/v3/token [omitted]
[debug] [2022-08-17T10:42:41.793Z] <<< [apiv2][status] POST https://www.googleapis.com/oauth2/v3/token 400
[debug] [2022-08-17T10:42:41.794Z] <<< [apiv2][body] POST https://www.googleapis.com/oauth2/v3/token [omitted]
[debug] [2022-08-17T10:42:41.794Z] >>> [apiv2][query] POST https://cloudresourcemanager.googleapis.com/v1/projects/demohq-70d47:testIamPermissions [none]
[debug] [2022-08-17T10:42:41.794Z] >>> [apiv2][(partial)header] POST https://cloudresourcemanager.googleapis.com/v1/projects/demohq-70d47:testIamPermissions x-goog-quota-user=projects/demohq-70d47
[debug] [2022-08-17T10:42:41.794Z] >>> [apiv2][body] POST https://cloudresourcemanager.googleapis.com/v1/projects/demohq-70d47:testIamPermissions {"permissions":["firebase.projects.get","firebasehosting.sites.update"]}
[debug] [2022-08-17T10:42:43.040Z] <<< [apiv2][status] GET https://firebase-public.firebaseio.com/cli.json 200
[debug] [2022-08-17T10:42:43.040Z] <<< [apiv2][body] GET https://firebase-public.firebaseio.com/cli.json {"cloudBuildErrorAfter":1594252800000,"cloudBuildWarnAfter":1590019200000,"defaultNode10After":1594252800000,"minVersion":"3.0.5","node8DeploysDisabledAfter":1613390400000,"node8RuntimeDisabledAfter":1615809600000,"node8WarnAfter":1600128000000}
[debug] [2022-08-17T10:42:43.256Z] <<< [apiv2][status] POST https://cloudresourcemanager.googleapis.com/v1/projects/demohq-70d47:testIamPermissions 401
[debug] [2022-08-17T10:42:43.257Z] <<< [apiv2][body] POST https://cloudresourcemanager.googleapis.com/v1/projects/demohq-70d47:testIamPermissions {"error":{"code":401,"message":"Request had invalid authentication credentials. Expected OAuth 2 access token, login cookie or other valid authentication credential. See https://developers.google.com/identity/sign-in/web/devconsole-project.","status":"UNAUTHENTICATED","details":[{"@type":"type.googleapis.com/google.rpc.ErrorInfo","reason":"ACCESS_TOKEN_TYPE_UNSUPPORTED","metadata":{"method":"google.cloudresourcemanager.v1.Projects.TestIamPermissions","service":"cloudresourcemanager.googleapis.com"}}]}}
[debug] [2022-08-17T10:42:43.258Z] [iam] error while checking permissions, command may fail: FirebaseError: HTTP Error: 401, Request had invalid authentication credentials. Expected OAuth 2 access token, login cookie or other valid authentication credential. See https://developers.google.com/identity/sign-in/web/devconsole-project.
[debug] [2022-08-17T10:42:43.258Z] > refreshing access token with scopes: []
[debug] [2022-08-17T10:42:43.259Z] >>> [apiv2][query] POST https://www.googleapis.com/oauth2/v3/token [none]
[debug] [2022-08-17T10:42:43.259Z] >>> [apiv2][body] POST https://www.googleapis.com/oauth2/v3/token [omitted]
[debug] [2022-08-17T10:42:43.591Z] <<< [apiv2][status] POST https://www.googleapis.com/oauth2/v3/token 400
[debug] [2022-08-17T10:42:43.591Z] <<< [apiv2][body] POST https://www.googleapis.com/oauth2/v3/token [omitted]
[debug] [2022-08-17T10:42:43.592Z] >>> [apiv2][query] GET https://firebase.googleapis.com/v1beta1/projects/demohq-70d47 [none]
[debug] [2022-08-17T10:42:44.336Z] <<< [apiv2][status] GET https://firebase.googleapis.com/v1beta1/projects/demohq-70d47 401
[debug] [2022-08-17T10:42:44.336Z] <<< [apiv2][body] GET https://firebase.googleapis.com/v1beta1/projects/demohq-70d47 {"error":{"code":401,"message":"Request had invalid authentication credentials. Expected OAuth 2 access token, login cookie or other valid authentication credential. See https://developers.google.com/identity/sign-in/web/devconsole-project.","status":"UNAUTHENTICATED"}}
[debug] [2022-08-17T10:42:44.336Z] HTTP Error: 401, Request had invalid authentication credentials. Expected OAuth 2 access token, login cookie or other valid authentication credential. See https://developers.google.com/identity/sign-in/web/devconsole-project.
[debug] [2022-08-17T10:42:44.629Z] FirebaseError: HTTP Error: 401, Request had invalid authentication credentials. Expected OAuth 2 access token, login cookie or other valid authentication credential. See https://developers.google.com/identity/sign-in/web/devconsole-project.
    at responseToError (C:\Users\nhanb\AppData\Roaming\npm\node_modules\firebase-tools\lib\responseToError.js:49:12)
    at RetryOperation._fn (C:\Users\nhanb\AppData\Roaming\npm\node_modules\firebase-tools\lib\apiv2.js:288:77)
    at processTicksAndRejections (node:internal/process/task_queues:96:5)
[error] 
[error] Error: Failed to get Firebase project demohq-70d47. Please make sure the project exists and your account has permission to access it.
